TN:
SF:script/DeployDSC.s.sol
DA:13,23
FN:13,DeployDSC.run
FNDA:23,DeployDSC.run
DA:17,23
DA:18,23
DA:24,23
DA:27,23
DA:30,23
DA:31,23
DA:34,23
DA:37,23
DA:39,23
DA:46,23
DA:48,23
DA:50,23
FNF:1
FNH:1
LF:13
LH:13
BRF:0
BRH:0
end_of_record
TN:
SF:script/HelperConfig.s.sol
DA:25,26
FN:25,HelperConfig.constructor
FNDA:26,HelperConfig.constructor
DA:26,26
BRDA:26,0,0,-
BRDA:26,0,1,26
DA:27,0
DA:29,26
DA:33,0
FN:33,HelperConfig.getSepoliaEthConfig
FNDA:0,HelperConfig.getSepoliaEthConfig
DA:34,0
DA:44,28
FN:44,HelperConfig.getOrCreateAnvilEthConfig
FNDA:28,HelperConfig.getOrCreateAnvilEthConfig
DA:46,28
BRDA:46,1,0,2
DA:47,2
DA:50,26
DA:51,26
DA:53,26
DA:54,26
DA:59,26
DA:60,26
DA:61,26
DA:62,26
DA:64,26
FNF:3
FNH:2
LF:18
LH:15
BRF:3
BRH:2
end_of_record
TN:
SF:src/DSCEngine.sol
DA:78,36517
FN:78,DSCEngine.moreThanZero
FNDA:36517,DSCEngine.moreThanZero
DA:79,36517
DA:83,35753
FN:83,DSCEngine.isAllowedToken
FNDA:35753,DSCEngine.isAllowedToken
DA:84,35753
DA:92,24
FN:92,DSCEngine.constructor
FNDA:24,DSCEngine.constructor
DA:97,24
BRDA:97,0,0,1
DA:98,1
DA:101,23
DA:102,46
DA:103,46
DA:106,23
DA:117,36299
FN:117,DSCEngine.depositCollateral
FNDA:36299,DSCEngine.depositCollateral
DA:123,28
DA:124,28
DA:126,28
DA:127,28
DA:128,16
BRDA:128,1,0,-
DA:129,0
DA:132,16
DA:141,36959
FN:141,DSCEngine.depositCollateralAndMintDsc
FNDA:36959,DSCEngine.depositCollateralAndMintDsc
DA:146,36959
DA:147,1
DA:158,36292
FN:158,DSCEngine.mintDsc
FNDA:36292,DSCEngine.mintDsc
DA:163,35637
DA:164,35637
DA:166,8
DA:167,8
BRDA:167,2,0,-
DA:168,0
DA:172,36478
FN:172,DSCEngine.burnDsc
FNDA:36478,DSCEngine.burnDsc
DA:173,71376
DA:175,2
DA:176,2
BRDA:176,3,0,-
DA:177,0
DA:180,2
DA:182,2
DA:189,256033
FN:189,DSCEngine._moreThanZero
FNDA:256033,DSCEngine._moreThanZero
DA:190,256033
BRDA:190,4,0,5168
DA:191,5168
DA:195,143852
FN:195,DSCEngine._isAllowedToken
FNDA:143852,DSCEngine._isAllowedToken
DA:196,143852
BRDA:196,5,0,143803
DA:197,143803
DA:201,0
FN:201,DSCEngine._redeemCollateral
FNDA:0,DSCEngine._redeemCollateral
DA:207,0
DA:208,0
DA:210,0
DA:211,0
BRDA:211,6,0,-
DA:212,0
DA:220,35669
FN:220,DSCEngine._healthFactor
FNDA:35669,DSCEngine._healthFactor
DA:221,35669
DA:222,35669
BRDA:222,7,0,27
DA:223,27
DA:226,35642
DA:227,35642
DA:228,35642
DA:231,3
FN:231,DSCEngine.getAccountInformation
FNDA:3,DSCEngine.getAccountInformation
DA:236,3
DA:240,35672
FN:240,DSCEngine._getAccountInformation
FNDA:35672,DSCEngine._getAccountInformation
DA:245,35672
DA:246,35672
DA:253,37049
FN:253,DSCEngine.redeemCollateral
FNDA:37049,DSCEngine.redeemCollateral
DA:259,12
DA:260,1
DA:262,1
DA:263,1
BRDA:263,8,0,-
DA:264,0
DA:267,1
DA:270,36437
FN:270,DSCEngine.redeemCollateralForDsc
FNDA:36437,DSCEngine.redeemCollateralForDsc
DA:275,36437
DA:276,1
DA:283,36517
FN:283,DSCEngine.liquidate
FNDA:36517,DSCEngine.liquidate
DA:289,9
DA:290,9
BRDA:290,9,0,9
DA:291,9
DA:294,0
DA:296,0
DA:297,0
DA:299,0
DA:301,0
DA:303,0
DA:305,0
DA:306,0
BRDA:306,10,0,-
DA:307,0
DA:310,0
DA:313,0
FN:313,DSCEngine._burnDsc
FNDA:0,DSCEngine._burnDsc
DA:314,0
DA:315,0
DA:316,0
BRDA:316,11,0,-
DA:317,0
DA:319,0
DA:326,35656
FN:326,DSCEngine._revertIfHealthFactorIsBroken
FNDA:35656,DSCEngine._revertIfHealthFactorIsBroken
DA:327,35656
DA:328,35656
BRDA:328,12,0,35629
DA:329,35629
DA:333,1
FN:333,DSCEngine.getTokenAmountFromUsd
FNDA:1,DSCEngine.getTokenAmountFromUsd
DA:338,1
DA:339,1
DA:342,1
DA:348,38
FN:348,DSCEngine._getUsdValue
FNDA:38,DSCEngine._getUsdValue
DA:349,38
DA:350,38
DA:353,38
DA:357,1
FN:357,DSCEngine.getUsdValue
FNDA:1,DSCEngine.getUsdValue
DA:358,1
DA:365,4
FN:365,DSCEngine.getHealthFactor
FNDA:4,DSCEngine.getHealthFactor
DA:366,4
DA:369,1
FN:369,DSCEngine.getAccountCollateralValue
FNDA:1,DSCEngine.getAccountCollateralValue
DA:374,35673
DA:375,71346
DA:376,71346
DA:377,71346
BRDA:377,13,0,71309
DA:378,71309
DA:380,37
DA:384,2
FN:384,DSCEngine.getCollateralBalance
FNDA:2,DSCEngine.getCollateralBalance
DA:385,2
DA:388,0
FN:388,DSCEngine.getPriceFeed
FNDA:0,DSCEngine.getPriceFeed
DA:389,0
DA:392,2
FN:392,DSCEngine.getDscMinted
FNDA:2,DSCEngine.getDscMinted
DA:393,2
DA:396,0
FN:396,DSCEngine.getCollateralTokens
FNDA:0,DSCEngine.getCollateralTokens
DA:397,0
FNF:27
FNH:23
LF:120
LH:90
BRF:14
BRH:7
end_of_record
TN:
SF:src/DecentralizedStableCoin.sol
DA:48,3
FN:48,DecentralizedStableCoin.burn
FNDA:3,DecentralizedStableCoin.burn
DA:49,3
BRDA:49,0,0,-
DA:50,0
DA:52,3
DA:55,12
FN:55,DecentralizedStableCoin.mint
FNDA:12,DecentralizedStableCoin.mint
DA:56,11
BRDA:56,1,0,-
DA:57,0
DA:59,11
BRDA:59,2,0,-
DA:60,0
DA:62,11
DA:63,11
FNF:2
FNH:2
LF:11
LH:8
BRF:3
BRH:0
end_of_record
TN:
SF:src/libraries/OracleLib.sol
DA:12,0
FN:12,OracleLib.staleCheckLatestRoundData
FNDA:0,OracleLib.staleCheckLatestRoundData
DA:15,0
DA:21,0
DA:23,0
BRDA:23,0,0,-
DA:24,0
DA:27,0
FNF:1
FNH:0
LF:6
LH:0
BRF:1
BRH:0
end_of_record
TN:
SF:test/fuzz/Handler.t.sol
DA:22,0
FN:22,Handler.constructor
FNDA:0,Handler.constructor
DA:23,0
DA:24,0
DA:25,0
DA:26,0
DA:27,0
DA:29,0
DA:32,0
FN:32,Handler.depositCollateral
FNDA:0,Handler.depositCollateral
DA:36,0
BRDA:36,0,0,-
DA:37,0
DA:39,0
DA:40,0
DA:41,0
DA:43,0
DA:44,0
DA:47,0
FN:47,Handler.redeemCollateral
FNDA:0,Handler.redeemCollateral
DA:51,0
DA:52,0
DA:57,0
DA:58,0
BRDA:58,1,0,-
DA:59,0
DA:62,0
DA:65,0
FN:65,Handler.updateCollateralPrice
FNDA:0,Handler.updateCollateralPrice
DA:66,0
DA:67,0
DA:70,0
FN:70,Handler._getCollateralFromSeed
FNDA:0,Handler._getCollateralFromSeed
DA:73,0
BRDA:73,2,0,-
DA:74,0
DA:76,0
DA:79,0
FN:79,Handler.mintDsc
FNDA:0,Handler.mintDsc
DA:80,0
DA:81,0
DA:84,0
DA:86,0
BRDA:86,3,0,-
DA:87,0
DA:90,0
DA:91,0
BRDA:91,4,0,-
DA:92,0
DA:95,0
DA:96,0
DA:97,0
FNF:6
FNH:0
LF:41
LH:0
BRF:5
BRH:0
end_of_record
TN:
SF:test/mocks/MockV3AggregatorV3.t.sol
DA:24,52
FN:24,MockV3Aggregator.constructor
FNDA:52,MockV3Aggregator.constructor
DA:25,52
DA:26,52
DA:29,52
FN:29,MockV3Aggregator.updateAnswer
FNDA:52,MockV3Aggregator.updateAnswer
DA:30,52
DA:31,52
DA:32,52
DA:33,52
DA:34,52
DA:35,52
DA:38,0
FN:38,MockV3Aggregator.updateRoundData
FNDA:0,MockV3Aggregator.updateRoundData
DA:39,0
DA:40,0
DA:41,0
DA:42,0
DA:43,0
DA:44,0
DA:47,0
FN:47,MockV3Aggregator.getRoundData
FNDA:0,MockV3Aggregator.getRoundData
DA:52,0
DA:55,39
FN:55,MockV3Aggregator.latestRoundData
FNDA:39,MockV3Aggregator.latestRoundData
DA:60,39
DA:69,0
FN:69,MockV3Aggregator.description
FNDA:0,MockV3Aggregator.description
DA:70,0
FNF:6
FNH:3
LF:23
LH:12
BRF:0
BRH:0
end_of_record
